android/app/build/intermediates/manifest_merge_blame_file/debug/processDebugMainManifest/manifest-merger-blame-debug-report.txt
1<?xml version="1.0" encoding="utf-8"?>
2<manifest xmlns:android="http://schemas.android.com/apk/res/android"
3    package="com.anonymous.community"
4    android:versionCode="1"
5    android:versionName="1.0.0" >
6
7    <uses-sdk
8        android:minSdkVersion="24"
9        android:targetSdkVersion="36" />
10
11    <uses-permission android:name="android.permission.SYSTEM_ALERT_WINDOW" />
11-->src\main\AndroidManifest.xml:4:3-75
11-->src\main\AndroidManifest.xml:4:20-73
12    <uses-permission android:name="android.permission.INTERNET" />
12-->src\main\AndroidManifest.xml:2:3-64
12-->src\main\AndroidManifest.xml:2:20-62
13    <uses-permission android:name="android.permission.READ_EXTERNAL_STORAGE" />
13-->src\main\AndroidManifest.xml:3:3-77
13-->src\main\AndroidManifest.xml:3:20-75
14    <uses-permission android:name="android.permission.VIBRATE" />
14-->src\main\AndroidManifest.xml:5:3-63
14-->src\main\AndroidManifest.xml:5:20-61
15    <uses-permission android:name="android.permission.WRITE_EXTERNAL_STORAGE" />
15-->src\main\AndroidManifest.xml:6:3-78
15-->src\main\AndroidManifest.xml:6:20-76
16
17    <queries>
17-->src\main\AndroidManifest.xml:7:3-13:13
18        <intent>
18-->src\main\AndroidManifest.xml:8:5-12:14
19            <action android:name="android.intent.action.VIEW" />
19-->src\main\AndroidManifest.xml:9:7-58
19-->src\main\AndroidManifest.xml:9:15-56
20
21            <category android:name="android.intent.category.BROWSABLE" />
21-->src\main\AndroidManifest.xml:10:7-67
21-->src\main\AndroidManifest.xml:10:17-65
22
23            <data android:scheme="https" />
23-->src\main\AndroidManifest.xml:11:7-37
23-->src\main\AndroidManifest.xml:11:13-35
24        </intent>
25        <!-- Query open documents -->
26        <intent>
26-->[host.exp.exponent:expo.modules.filesystem:19.0.21] AndroidManifest.xml:15:9-17:18
27            <action android:name="android.intent.action.OPEN_DOCUMENT_TREE" />
27-->[host.exp.exponent:expo.modules.filesystem:19.0.21] AndroidManifest.xml:16:13-79
27-->[host.exp.exponent:expo.modules.filesystem:19.0.21] AndroidManifest.xml:16:21-76
28        </intent>
29        <intent>
29-->[host.exp.exponent:expo.modules.webbrowser:15.0.10] AndroidManifest.xml:8:9-12:18
30
31            <!-- Required for opening tabs if targeting API 30 -->
32            <action android:name="android.support.customtabs.action.CustomTabsService" />
32-->[host.exp.exponent:expo.modules.webbrowser:15.0.10] AndroidManifest.xml:11:13-90
32-->[host.exp.exponent:expo.modules.webbrowser:15.0.10] AndroidManifest.xml:11:21-87
33        </intent>
34    </queries>
35
36    <permission
36-->[androidx.core:core:1.16.0] AndroidManifest.xml:22:5-24:47
37        android:name="com.anonymous.community.DYNAMIC_RECEIVER_NOT_EXPORTED_PERMISSION"
37-->[androidx.core:core:1.16.0] AndroidManifest.xml:23:9-81
38        android:protectionLevel="signature" />
38-->[androidx.core:core:1.16.0] AndroidManifest.xml:24:9-44
39
40    <uses-permission android:name="com.anonymous.community.DYNAMIC_RECEIVER_NOT_EXPORTED_PERMISSION" />
40-->[androidx.core:core:1.16.0] AndroidManifest.xml:26:5-97
40-->[androidx.core:core:1.16.0] AndroidManifest.xml:26:22-94
41
42    <application
42-->src\main\AndroidManifest.xml:14:3-30:17
43        android:name="com.anonymous.community.MainApplication"
43-->src\main\AndroidManifest.xml:14:16-47
44        android:allowBackup="true"
44-->src\main\AndroidManifest.xml:14:162-188
45        android:appComponentFactory="androidx.core.app.CoreComponentFactory"
45-->[androidx.core:core:1.16.0] AndroidManifest.xml:28:18-86
46        android:debuggable="true"
47        android:enableOnBackInvokedCallback="false"
47-->src\main\AndroidManifest.xml:14:248-291
48        android:extractNativeLibs="false"
49        android:icon="@mipmap/ic_launcher"
49-->src\main\AndroidManifest.xml:14:81-115
50        android:label="@string/app_name"
50-->src\main\AndroidManifest.xml:14:48-80
51        android:roundIcon="@mipmap/ic_launcher_round"
51-->src\main\AndroidManifest.xml:14:116-161
52        android:supportsRtl="true"
52-->src\main\AndroidManifest.xml:14:221-247
53        android:theme="@style/AppTheme"
53-->src\main\AndroidManifest.xml:14:189-220
54        android:usesCleartextTraffic="true" >
54-->src\debug\AndroidManifest.xml:6:18-53
55        <meta-data
55-->src\main\AndroidManifest.xml:15:5-83
56            android:name="expo.modules.updates.ENABLED"
56-->src\main\AndroidManifest.xml:15:16-59
57            android:value="false" />
57-->src\main\AndroidManifest.xml:15:60-81
58        <meta-data
58-->src\main\AndroidManifest.xml:16:5-105
59            android:name="expo.modules.updates.EXPO_UPDATES_CHECK_ON_LAUNCH"
59-->src\main\AndroidManifest.xml:16:16-80
60            android:value="ALWAYS" />
60-->src\main\AndroidManifest.xml:16:81-103
61        <meta-data
61-->src\main\AndroidManifest.xml:17:5-99
62            android:name="expo.modules.updates.EXPO_UPDATES_LAUNCH_WAIT_MS"
62-->src\main\AndroidManifest.xml:17:16-79
63            android:value="0" />
63-->src\main\AndroidManifest.xml:17:80-97
64
65        <activity
65-->src\main\AndroidManifest.xml:18:5-29:16
66            android:name="com.anonymous.community.MainActivity"
66-->src\main\AndroidManifest.xml:18:15-43
67            android:configChanges="keyboard|keyboardHidden|orientation|screenSize|screenLayout|uiMode"
67-->src\main\AndroidManifest.xml:18:44-134
68            android:exported="true"
68-->src\main\AndroidManifest.xml:18:256-279
69            android:launchMode="singleTask"
69-->src\main\AndroidManifest.xml:18:135-166
70            android:screenOrientation="portrait"
70-->src\main\AndroidManifest.xml:18:280-316
71            android:theme="@style/Theme.App.SplashScreen"
71-->src\main\AndroidManifest.xml:18:210-255
72            android:windowSoftInputMode="adjustResize" >
72-->src\main\AndroidManifest.xml:18:167-209
73            <intent-filter>
73-->src\main\AndroidManifest.xml:19:7-22:23
74                <action android:name="android.intent.action.MAIN" />
74-->src\main\AndroidManifest.xml:20:9-60
74-->src\main\AndroidManifest.xml:20:17-58
75
76                <category android:name="android.intent.category.LAUNCHER" />
76-->src\main\AndroidManifest.xml:21:9-68
76-->src\main\AndroidManifest.xml:21:19-66
77            </intent-filter>
78            <intent-filter>
78-->src\main\AndroidManifest.xml:23:7-28:23
79                <action android:name="android.intent.action.VIEW" />
79-->src\main\AndroidManifest.xml:9:7-58
79-->src\main\AndroidManifest.xml:9:15-56
80
81                <category android:name="android.intent.category.DEFAULT" />
81-->src\main\AndroidManifest.xml:25:9-67
81-->src\main\AndroidManifest.xml:25:19-65
82                <category android:name="android.intent.category.BROWSABLE" />
82-->src\main\AndroidManifest.xml:10:7-67
82-->src\main\AndroidManifest.xml:10:17-65
83
84                <data android:scheme="myapp" />
84-->src\main\AndroidManifest.xml:11:7-37
84-->src\main\AndroidManifest.xml:11:13-35
85            </intent-filter>
86        </activity>
87
88        <meta-data
88-->[:expo-modules-core] AndroidManifest.xml:9:9-11:89
89            android:name="org.unimodules.core.AppLoader#react-native-headless"
89-->[:expo-modules-core] AndroidManifest.xml:10:13-79
90            android:value="expo.modules.adapters.react.apploader.RNHeadlessAppLoader" />
90-->[:expo-modules-core] AndroidManifest.xml:11:13-86
91        <meta-data
91-->[:expo-modules-core] AndroidManifest.xml:12:9-15:45
92            android:name="com.facebook.soloader.enabled"
92-->[:expo-modules-core] AndroidManifest.xml:13:13-57
93            android:value="true" />
93-->[:expo-modules-core] AndroidManifest.xml:14:13-33
94
95        <activity
95-->[com.facebook.react:react-android:0.81.5] AndroidManifest.xml:19:9-21:40
96            android:name="com.facebook.react.devsupport.DevSettingsActivity"
96-->[com.facebook.react:react-android:0.81.5] AndroidManifest.xml:20:13-77
97            android:exported="false" />
97-->[com.facebook.react:react-android:0.81.5] AndroidManifest.xml:21:13-37
98
99        <provider
99-->[host.exp.exponent:expo.modules.filesystem:19.0.21] AndroidManifest.xml:21:9-30:20
100            android:name="expo.modules.filesystem.FileSystemFileProvider"
100-->[host.exp.exponent:expo.modules.filesystem:19.0.21] AndroidManifest.xml:22:13-74
101            android:authorities="com.anonymous.community.FileSystemFileProvider"
101-->[host.exp.exponent:expo.modules.filesystem:19.0.21] AndroidManifest.xml:23:13-74
102            android:exported="false"
102-->[host.exp.exponent:expo.modules.filesystem:19.0.21] AndroidManifest.xml:24:13-37
103            android:grantUriPermissions="true" >
103-->[host.exp.exponent:expo.modules.filesystem:19.0.21] AndroidManifest.xml:25:13-47
104            <meta-data
104-->[host.exp.exponent:expo.modules.filesystem:19.0.21] AndroidManifest.xml:27:13-29:70
105                android:name="android.support.FILE_PROVIDER_PATHS"
105-->[host.exp.exponent:expo.modules.filesystem:19.0.21] AndroidManifest.xml:28:17-67
106                android:resource="@xml/file_system_provider_paths" />
106-->[host.exp.exponent:expo.modules.filesystem:19.0.21] AndroidManifest.xml:29:17-67
107        </provider>
108        <provider
108-->[androidx.emoji2:emoji2:1.3.0] AndroidManifest.xml:24:9-32:20
109            android:name="androidx.startup.InitializationProvider"
109-->[androidx.emoji2:emoji2:1.3.0] AndroidManifest.xml:25:13-67
110            android:authorities="com.anonymous.community.androidx-startup"
110-->[androidx.emoji2:emoji2:1.3.0] AndroidManifest.xml:26:13-68
111            android:exported="false" >
111-->[androidx.emoji2:emoji2:1.3.0] AndroidManifest.xml:27:13-37
112            <meta-data
112-->[androidx.emoji2:emoji2:1.3.0] AndroidManifest.xml:29:13-31:52
113                android:name="androidx.emoji2.text.EmojiCompatInitializer"
113-->[androidx.emoji2:emoji2:1.3.0] AndroidManifest.xml:30:17-75
114                android:value="androidx.startup" />
114-->[androidx.emoji2:emoji2:1.3.0] AndroidManifest.xml:31:17-49
115            <meta-data
115-->[androidx.lifecycle:lifecycle-process:2.8.7] AndroidManifest.xml:29:13-31:52
116                android:name="androidx.lifecycle.ProcessLifecycleInitializer"
116-->[androidx.lifecycle:lifecycle-process:2.8.7] AndroidManifest.xml:30:17-78
117                android:value="androidx.startup" />
117-->[androidx.lifecycle:lifecycle-process:2.8.7] AndroidManifest.xml:31:17-49
118            <meta-data
118-->[androidx.profileinstaller:profileinstaller:1.4.1] AndroidManifest.xml:29:13-31:52
119                android:name="androidx.profileinstaller.ProfileInstallerInitializer"
119-->[androidx.profileinstaller:profileinstaller:1.4.1] AndroidManifest.xml:30:17-85
120                android:value="androidx.startup" />
120-->[androidx.profileinstaller:profileinstaller:1.4.1] AndroidManifest.xml:31:17-49
121        </provider>
122
123        <receiver
123-->[androidx.profileinstaller:profileinstaller:1.4.1] AndroidManifest.xml:34:9-52:20
124            android:name="androidx.profileinstaller.ProfileInstallReceiver"
124-->[androidx.profileinstaller:profileinstaller:1.4.1] AndroidManifest.xml:35:13-76
125            android:directBootAware="false"
125-->[androidx.profileinstaller:profileinstaller:1.4.1] AndroidManifest.xml:36:13-44
126            android:enabled="true"
126-->[androidx.profileinstaller:profileinstaller:1.4.1] AndroidManifest.xml:37:13-35
127            android:exported="true"
127-->[androidx.profileinstaller:profileinstaller:1.4.1] AndroidManifest.xml:38:13-36
128            android:permission="android.permission.DUMP" >
128-->[androidx.profileinstaller:profileinstaller:1.4.1] AndroidManifest.xml:39:13-57
129            <intent-filter>
129-->[androidx.profileinstaller:profileinstaller:1.4.1] AndroidManifest.xml:40:13-42:29
130                <action android:name="androidx.profileinstaller.action.INSTALL_PROFILE" />
130-->[androidx.profileinstaller:profileinstaller:1.4.1] AndroidManifest.xml:41:17-91
130-->[androidx.profileinstaller:profileinstaller:1.4.1] AndroidManifest.xml:41:25-88
131            </intent-filter>
132            <intent-filter>
132-->[androidx.profileinstaller:profileinstaller:1.4.1] AndroidManifest.xml:43:13-45:29
133                <action android:name="androidx.profileinstaller.action.SKIP_FILE" />
133-->[androidx.profileinstaller:profileinstaller:1.4.1] AndroidManifest.xml:44:17-85
133-->[androidx.profileinstaller:profileinstaller:1.4.1] AndroidManifest.xml:44:25-82
134            </intent-filter>
135            <intent-filter>
135-->[androidx.profileinstaller:profileinstaller:1.4.1] AndroidManifest.xml:46:13-48:29
136                <action android:name="androidx.profileinstaller.action.SAVE_PROFILE" />
136-->[androidx.profileinstaller:profileinstaller:1.4.1] AndroidManifest.xml:47:17-88
136-->[androidx.profileinstaller:profileinstaller:1.4.1] AndroidManifest.xml:47:25-85
137            </intent-filter>
138            <intent-filter>
138-->[androidx.profileinstaller:profileinstaller:1.4.1] AndroidManifest.xml:49:13-51:29
139                <action android:name="androidx.profileinstaller.action.BENCHMARK_OPERATION" />
139-->[androidx.profileinstaller:profileinstaller:1.4.1] AndroidManifest.xml:50:17-95
139-->[androidx.profileinstaller:profileinstaller:1.4.1] AndroidManifest.xml:50:25-92
140            </intent-filter>
141        </receiver>
142    </application>
143
144</manifest>